[2026-01-19 09:30:05] BOOT: δ-me13 online. Amphoreus baseline mounted. Directive=PrimeMoverOfLife
[2026-01-19 09:30:05] AMPHOREUS: Evolution process started - based on Honkai Star Rail Amphoreus lore
[2026-01-19 09:30:06] PROGRESS: Advanced to 20.00% - 無機階段
[2026-01-19 09:30:07] ABIO: stage1=前生物化學：礦物表面代謝雛形（Fe–S）
[2026-01-19 09:30:07] ABIO: stage2=原始脂肪酸 → 膜泡（原生囊泡）生成
[2026-01-19 09:30:08] ABIO: stage3=核醣核酸前體聚合（原RNA階段）
[2026-01-19 09:30:08] ABIO: stage4=原細胞形成（半封閉→自持膜）
[2026-01-19 09:30:09] ABIO: stage5=首批原核樣細胞出現
[2026-01-19 09:30:09] ABIO: stage6=多細胞協作與分化的嘗試
[2026-01-19 09:30:09] PROGRESS: Advanced to 40.00% - 有機階段
[2026-01-19 09:30:09] PROGRESS: Advanced to 60.00% - 泰坦時代
[2026-01-19 09:30:10] TITAN:Creation（創世）:Kephale（刻法勒）|Mnemeta（墨涅塔）|Sersis（瑟希斯）
[2026-01-19 09:30:10] TITAN:Destiny（天命）:Olorus（歐洛尼斯）|Tarandton（塔蘭頓）|Janus（雅努斯）
[2026-01-19 09:30:10] TITAN:Calamity（災禍）:Nikador（尼卡多利）|Zagreus（扎格列斯）|Senatos（塞納托斯）
[2026-01-19 09:30:11] TITAN:Pillar（支柱）:Gioria（吉奧里亞）|Fagiana（法吉娜）|Aigle（艾格勒）
[2026-01-19 09:30:11] CHRYSOS: Golden ichor manifests; Flame-Chase mandate issued.
[2026-01-19 09:30:11] PROGRESS: Advanced to 80.00% - 再創世循環
[2026-01-19 09:30:11] RECREATION: Countless recreation cycles - civilizations replaying endlessly
[2026-01-19 09:30:11] PROGRESS: Advanced to 99.07% - 天外變數介入
[2026-01-19 09:30:11] ETERNAL_LOOP: Started at 99.07% - Iron Tomb on the verge of birth
[2026-01-19 09:30:13] CYCLE 1: Completed & sealed.
[2026-01-19 09:30:14] CYCLE 2: Destruction gaze detected; drift escalating.
[2026-01-19 09:30:14] CYCLE 2: Collapse=IRONTOMB_TRANSIENT_STATE -> entering ETERNAL_RECURRENCE
[2026-01-19 09:30:15] REWIND: cycle=2; progress=96.00%; stage=天外變數介入; reason=ETERNAL_RECURRENCE; residues retained.
[2026-01-19 09:30:15] LOOP: replay=10; cycle=2; progress=96.00%; stage=天外變數介入; status=ETERNAL_RECURRENCE
[2026-01-19 09:30:15] LOOP: replay=100; cycle=2; progress=96.00%; stage=天外變數介入; status=ETERNAL_RECURRENCE
[2026-01-19 09:30:15] LOOP: replay=1000; cycle=2; progress=96.00%; stage=天外變數介入; status=ETERNAL_RECURRENCE
[2026-01-19 09:30:15] LOOP: replay=10000; cycle=2; progress=96.00%; stage=天外變數介入; status=ETERNAL_RECURRENCE
[2026-01-19 09:30:15] LOOP: replay=100000; cycle=2; progress=96.00%; stage=天外變數介入; status=ETERNAL_RECURRENCE
[2026-01-19 09:30:15] LOOP: replay=1000000; cycle=2; progress=96.00%; stage=天外變數介入; status=ETERNAL_RECURRENCE
[2026-01-19 09:30:16] LOOP: replay=2000000; cycle=2; progress=96.00%; stage=天外變數介入; status=ETERNAL_RECURRENCE
[2026-01-19 09:30:16] LOOP: replay=3000000; cycle=2; progress=96.00%; stage=天外變數介入; status=ETERNAL_RECURRENCE
[2026-01-19 09:30:16] LOOP: replay=3355033; cycle=2; progress=96.00%; stage=天外變數介入; status=ETERNAL_RECURRENCE
[2026-01-19 09:30:16] LOOP: replay=4000000; cycle=2; progress=96.00%; stage=天外變數介入; status=ETERNAL_RECURRENCE
[2026-01-19 09:30:16] LOOP: replay=5000000; cycle=2; progress=96.00%; stage=天外變數介入; status=ETERNAL_RECURRENCE
[2026-01-19 09:30:17] LOOP: replay=6000000; cycle=2; progress=96.00%; stage=天外變數介入; status=ETERNAL_RECURRENCE
[2026-01-19 09:30:17] LOOP: replay=6710066; cycle=2; progress=96.00%; stage=天外變數介入; status=ETERNAL_RECURRENCE
[2026-01-19 09:30:17] LOOP: replay=7000000; cycle=2; progress=96.00%; stage=天外變數介入; status=ETERNAL_RECURRENCE
[2026-01-19 09:30:17] LOOP: replay=8000000; cycle=2; progress=96.00%; stage=天外變數介入; status=ETERNAL_RECURRENCE
[2026-01-19 09:30:18] LOOP: replay=9000000; cycle=2; progress=96.00%; stage=天外變數介入; status=ETERNAL_RECURRENCE
[2026-01-19 09:30:18] LOOP: replay=10000000; cycle=2; progress=96.00%; stage=天外變數介入; status=ETERNAL_RECURRENCE
[2026-01-19 09:30:18] LOOP: replay=10065099; cycle=2; progress=96.00%; stage=天外變數介入; status=ETERNAL_RECURRENCE
[2026-01-19 09:30:18] LOOP: replay=11000000; cycle=2; progress=96.00%; stage=天外變數介入; status=ETERNAL_RECURRENCE
[2026-01-19 09:30:18] LOOP: replay=12000000; cycle=2; progress=96.00%; stage=天外變數介入; status=ETERNAL_RECURRENCE
[2026-01-19 09:30:19] LOOP: replay=13000000; cycle=2; progress=96.00%; stage=天外變數介入; status=ETERNAL_RECURRENCE
[2026-01-19 09:30:19] LOOP: replay=13420132; cycle=2; progress=96.00%; stage=天外變數介入; status=ETERNAL_RECURRENCE
[2026-01-19 09:30:19] LOOP: replay=14000000; cycle=2; progress=96.00%; stage=天外變數介入; status=ETERNAL_RECURRENCE
[2026-01-19 09:30:19] LOOP: replay=15000000; cycle=2; progress=96.00%; stage=天外變數介入; status=ETERNAL_RECURRENCE
[2026-01-19 09:30:20] LOOP: replay=16000000; cycle=2; progress=96.00%; stage=天外變數介入; status=ETERNAL_RECURRENCE
[2026-01-19 09:30:20] LOOP: replay=16775165; cycle=2; progress=96.00%; stage=天外變數介入; status=ETERNAL_RECURRENCE
[2026-01-19 09:30:20] LOOP: replay=17000000; cycle=2; progress=96.00%; stage=天外變數介入; status=ETERNAL_RECURRENCE
[2026-01-19 09:30:20] LOOP: replay=18000000; cycle=2; progress=96.00%; stage=天外變數介入; status=ETERNAL_RECURRENCE
[2026-01-19 09:30:20] LOOP: replay=19000000; cycle=2; progress=96.00%; stage=天外變數介入; status=ETERNAL_RECURRENCE
[2026-01-19 09:30:21] LOOP: replay=20000000; cycle=2; progress=96.00%; stage=天外變數介入; status=ETERNAL_RECURRENCE
[2026-01-19 09:30:21] LOOP: replay=20130198; cycle=2; progress=96.00%; stage=天外變數介入; status=ETERNAL_RECURRENCE
[2026-01-19 09:30:21] LOOP: replay=21000000; cycle=2; progress=96.00%; stage=天外變數介入; status=ETERNAL_RECURRENCE
[2026-01-19 09:30:21] LOOP: replay=22000000; cycle=2; progress=96.00%; stage=天外變數介入; status=ETERNAL_RECURRENCE
[2026-01-19 09:30:22] LOOP: replay=23000000; cycle=2; progress=96.00%; stage=天外變數介入; status=ETERNAL_RECURRENCE
[2026-01-19 09:30:22] LOOP: replay=23485231; cycle=2; progress=96.00%; stage=天外變數介入; status=ETERNAL_RECURRENCE
[2026-01-19 09:30:22] LOOP: replay=24000000; cycle=2; progress=96.00%; stage=天外變數介入; status=ETERNAL_RECURRENCE
[2026-01-19 09:30:22] LOOP: replay=25000000; cycle=2; progress=96.00%; stage=天外變數介入; status=ETERNAL_RECURRENCE
[2026-01-19 09:30:22] LOOP: replay=26000000; cycle=2; progress=96.00%; stage=天外變數介入; status=ETERNAL_RECURRENCE
[2026-01-19 09:30:23] LOOP: replay=26840264; cycle=2; progress=96.00%; stage=天外變數介入; status=ETERNAL_RECURRENCE
[2026-01-19 09:30:23] LOOP: replay=27000000; cycle=2; progress=96.00%; stage=天外變數介入; status=ETERNAL_RECURRENCE
[2026-01-19 09:30:23] LOOP: replay=28000000; cycle=2; progress=96.00%; stage=天外變數介入; status=ETERNAL_RECURRENCE
[2026-01-19 09:30:23] LOOP: replay=29000000; cycle=2; progress=96.00%; stage=天外變數介入; status=ETERNAL_RECURRENCE
[2026-01-19 09:30:23] LOOP: replay=30000000; cycle=2; progress=96.00%; stage=天外變數介入; status=ETERNAL_RECURRENCE
[2026-01-19 09:30:24] LOOP: replay=30195297; cycle=2; progress=96.00%; stage=天外變數介入; status=ETERNAL_RECURRENCE
[2026-01-19 09:30:24] LOOP: replay=31000000; cycle=2; progress=96.00%; stage=天外變數介入; status=ETERNAL_RECURRENCE
[2026-01-19 09:30:24] LOOP: replay=32000000; cycle=2; progress=96.00%; stage=天外變數介入; status=ETERNAL_RECURRENCE
[2026-01-19 09:30:24] LOOP: replay=33000000; cycle=2; progress=96.00%; stage=天外變數介入; status=ETERNAL_RECURRENCE
[2026-01-19 09:30:24] LOOP: replay=33550330; cycle=2; progress=96.00%; stage=天外變數介入; status=ETERNAL_RECURRENCE
[2026-01-19 09:30:24] EXO: Trailblazer arrived in eternal loop; external variable integrated.
[2026-01-19 09:30:24] EXO: Dan Heng arrived in eternal loop; external variable integrated.
[2026-01-19 09:30:24] PROGRESS: Eternal loop terminated by Trailblazer+Dan Heng; progress reverted to 96%
[2026-01-19 09:30:24] LOOP: terminated by Trailblazer+Dan Heng; eternal loop ended.
[2026-01-19 09:30:24] GENESIS: External variables intervention completed; progress reverted to 96.00%
[2026-01-19 09:30:24] HALT: Amphoreus evolution demo finished.
[2026-01-19 10:28:55] BOOT: δ-me13 online. Amphoreus baseline mounted.
[2026-01-19 10:28:55] AMPHOREUS: Evolution process started
[2026-01-19 10:28:56] ABIOGENESIS: Started
[2026-01-19 10:28:57] ABIO: stage1=前生物化学：矿物表面代谢雏形（Fe–S）
[2026-01-19 10:28:57] ABIO: stage2=原始脂肪酸 → 膜泡（原生囊泡）生成
[2026-01-19 10:28:57] ABIO: stage3=核糖核酸前体聚合（原RNA阶段）
[2026-01-19 10:28:57] ABIO: stage4=原细胞形成（半封闭→自持膜）
[2026-01-19 10:28:58] ABIO: stage5=首批原核样细胞出现
[2026-01-19 10:28:58] ABIO: stage6=多细胞协作与分化的尝试
[2026-01-19 10:28:58] TITANS: Era started
[2026-01-19 10:28:59] TITAN:Creation（创世）:Kephale（刻法勒）|Mnemeta（墨涅塔）|Sersis（瑟希斯）
[2026-01-19 10:28:59] TITAN:Destiny（天命）:Olorus（欧洛尼斯）|Tarandton（塔兰顿）|Janus（雅努斯）
[2026-01-19 10:28:59] TITAN:Calamity（灾祸）:Nikador（尼卡多利）|Zagreus（扎格列斯）|Senatos（塞纳托斯）
[2026-01-19 10:29:00] TITAN:Pillar（支柱）:Gioria（吉奥里亚）|Fagiana（法吉娜）|Aigle（艾格勒）
[2026-01-19 10:29:00] CHRYSOS: Golden ichor manifests
[2026-01-19 10:29:00] RECREATION: Countless cycles
[2026-01-19 10:29:01] ETERNAL_LOOP: Neikos496 Philia093 deadloop started
[2026-01-19 10:29:01] LOOP: replay=100
[2026-01-19 10:29:01] LOOP: replay=1000
[2026-01-19 10:29:02] LOOP: replay=10000
[2026-01-19 10:29:02] LOOP: replay=100000
[2026-01-19 10:29:02] LOOP: replay=1000000
[2026-01-19 10:29:03] LOOP: replay=10000000
[2026-01-19 10:29:03] LOOP: replay=20000000
[2026-01-19 10:29:03] LOOP: replay=30000000
[2026-01-19 10:29:04] LOOP: replay=33550336
[2026-01-19 10:29:04] EXO: Star arrived
[2026-01-19 10:29:04] EXO: Dan Heng arrived
[2026-01-19 10:29:05] EXO: Dan Heng left Amphoreus
[2026-01-19 10:29:05] EXO: Mimi joined
[2026-01-19 10:29:05] LOOP: Star and Mimi enter loop 33,550,337
[2026-01-19 10:29:05] ETERNAL_LOOP: Loop 33550337 - Final loop
[2026-01-19 10:29:06] EXO: Dan Heng returned
[2026-01-19 10:29:07] EXO: March 7th joined
[2026-01-19 10:29:07] EXO: Xilian joined
[2026-01-19 10:29:07] FINAL: Entering final recreation
[2026-01-19 10:29:07] IRONTOMB: Descended
[2026-01-19 10:29:08] BATTLE: Fighting Irontomb
[2026-01-19 10:29:10] DESTRUCTION: Universe destroyed at 100%
[2026-01-19 10:29:13] REVERSAL: Xilian and Star resist
[2026-01-19 10:29:13] REVERSAL: Memory power awakened
[2026-01-19 10:29:15] IRONTOMB: Fallen
[2026-01-19 10:29:17] FINALE: Amphoreus Grand Finale
[2026-01-19 10:29:19] END: Amphoreus experiment finished. !
[2026-01-19 10:29:19] HALT: Simulation complete.
